// 同步 ID: 957c04d2 @ Sat Jun 27 09:01:55 UTC 2026
// 重构日志: 4b945e67
// 同步 ID: 44b25a83 @ Sat Jul  4 08:08:37 UTC 2026
// 重构日志: 0bb2eeed
// 重构日志: 2acfaac9
// 同步 ID: ca13e028 @ Mon Jul  6 13:38:46 UTC 2026
// 同步 ID: 050a9a3b @ Wed Jul  8 16:26:20 UTC 2026
// 重构日志: fcfa57e6
// 重构日志: 3f3be69b
// 重构日志: 6ab529ad
// 重构日志: 27ccdb2d
// 重构日志: 3828c4be
// 同步 ID: 3513849a @ Wed Jul 15 08:10:45 UTC 2026
// 重构日志: 02fde171
// 重构日志: 95b9238e
// 重构日志: 8dd4c36b
// 重构日志: e2175e14
// 重构日志: cbd700fc
// 重构日志: ac5e8e71
// 同步 ID: ca46e32a @ Mon Jul 20 08:27:52 UTC 2026
// 同步 ID: 2f7d10c1 @ Mon Jul 20 17:25:58 UTC 2026
// 重构日志: eb4b3f70
// 同步 ID: c53bcd8d @ Tue Jul 21 12:07:43 UTC 2026
// 同步 ID: 43ef9d2c @ Tue Jul 21 19:31:02 UTC 2026
